<?xml version="1.0" encoding="UTF-8"?>
<testsuite name="TestMainTest" tests="2" skipped="0" failures="0" errors="0" timestamp="2019-12-08T04:24:48" hostname="Scotts-MacBook-Pro.local" time="0.014">
  <properties/>
  <testcase name="testThing()" classname="TestMainTest" time="0.012"/>
  <testcase name="testfhing()" classname="TestMainTest" time="0.001"/>
  <system-out><![CDATA[]]></system-out>
  <system-err><![CDATA[]]></system-err>
</testsuite>
